# Logfile created on 2016-01-29 07:45:18 -0500 by logger.rb/47272
D, [2016-01-29T07:45:18.649541 #48243] DEBUG -- : DRAGONFLY: shell command: 'identify' '-ping' '-format' '%m %w %h' '/Users/jmartindell/repos/gemgem-trbrb/test/images/cells.jpg'
D, [2016-01-29T07:45:18.772969 #48243] DEBUG -- : DRAGONFLY: shell command: 'convert' '/Users/jmartindell/repos/gemgem-trbrb/test/images/cells.jpg' '-resize' '120x120^^' '-gravity' 'Center' '-crop' '120x120+0+0' '+repage' '/var/folders/hm/dwyp6blj5pb8tcx_2x3n820h2jqltr/T/dragonfly20160129-48243-s90lzq.jpg'
D, [2016-01-29T07:45:18.809473 #48243] DEBUG -- : DRAGONFLY: shell command: 'identify' '-ping' '-format' '%m %w %h' '/var/folders/hm/dwyp6blj5pb8tcx_2x3n820h2jqltr/T/dragonfly20160129-48243-s90lzq.jpg'
D, [2016-01-29T07:45:20.269645 #48243] DEBUG -- : DRAGONFLY: shell command: 'identify' '-ping' '-format' '%m %w %h' '/Users/jmartindell/repos/gemgem-trbrb/test/images/cells.jpg'
D, [2016-01-29T07:45:20.286466 #48243] DEBUG -- : DRAGONFLY: shell command: 'convert' '/Users/jmartindell/repos/gemgem-trbrb/test/images/cells.jpg' '-resize' '120x120^^' '-gravity' 'Center' '-crop' '120x120+0+0' '+repage' '/var/folders/hm/dwyp6blj5pb8tcx_2x3n820h2jqltr/T/dragonfly20160129-48243-dnk9qa.jpg'
D, [2016-01-29T07:45:20.306601 #48243] DEBUG -- : DRAGONFLY: shell command: 'identify' '-ping' '-format' '%m %w %h' '/var/folders/hm/dwyp6blj5pb8tcx_2x3n820h2jqltr/T/dragonfly20160129-48243-dnk9qa.jpg'
D, [2016-01-29T07:45:36.450324 #48243] DEBUG -- : DRAGONFLY: shell command: 'identify' '-ping' '-format' '%m %w %h' '/Users/jmartindell/repos/gemgem-trbrb/test/images/cells.jpg'
D, [2016-01-29T07:45:36.465090 #48243] DEBUG -- : DRAGONFLY: shell command: 'convert' '/Users/jmartindell/repos/gemgem-trbrb/test/images/cells.jpg' '-resize' '120x120^^' '-gravity' 'Center' '-crop' '120x120+0+0' '+repage' '/var/folders/hm/dwyp6blj5pb8tcx_2x3n820h2jqltr/T/dragonfly20160129-48243-6jzf18.jpg'
D, [2016-01-29T07:45:36.489184 #48243] DEBUG -- : DRAGONFLY: shell command: 'identify' '-ping' '-format' '%m %w %h' '/var/folders/hm/dwyp6blj5pb8tcx_2x3n820h2jqltr/T/dragonfly20160129-48243-6jzf18.jpg'
D, [2016-01-29T07:55:07.886067 #48855] DEBUG -- : DRAGONFLY: shell command: 'identify' '-ping' '-format' '%m %w %h' '/Users/jmartindell/repos/gemgem-trbrb/test/images/cells.jpg'
D, [2016-01-29T07:55:07.944821 #48855] DEBUG -- : DRAGONFLY: shell command: 'convert' '/Users/jmartindell/repos/gemgem-trbrb/test/images/cells.jpg' '-resize' '120x120^^' '-gravity' 'Center' '-crop' '120x120+0+0' '+repage' '/var/folders/hm/dwyp6blj5pb8tcx_2x3n820h2jqltr/T/dragonfly20160129-48855-192uh1k.jpg'
D, [2016-01-29T07:55:07.976383 #48855] DEBUG -- : DRAGONFLY: shell command: 'identify' '-ping' '-format' '%m %w %h' '/var/folders/hm/dwyp6blj5pb8tcx_2x3n820h2jqltr/T/dragonfly20160129-48855-192uh1k.jpg'
D, [2016-01-29T07:55:15.347909 #48855] DEBUG -- : DRAGONFLY: shell command: 'identify' '-ping' '-format' '%m %w %h' '/Users/jmartindell/repos/gemgem-trbrb/test/images/cells.jpg'
D, [2016-01-29T07:55:15.361148 #48855] DEBUG -- : DRAGONFLY: shell command: 'convert' '/Users/jmartindell/repos/gemgem-trbrb/test/images/cells.jpg' '-resize' '120x120^^' '-gravity' 'Center' '-crop' '120x120+0+0' '+repage' '/var/folders/hm/dwyp6blj5pb8tcx_2x3n820h2jqltr/T/dragonfly20160129-48855-1b4r690.jpg'
D, [2016-01-29T07:55:15.384583 #48855] DEBUG -- : DRAGONFLY: shell command: 'identify' '-ping' '-format' '%m %w %h' '/var/folders/hm/dwyp6blj5pb8tcx_2x3n820h2jqltr/T/dragonfly20160129-48855-1b4r690.jpg'
D, [2016-01-29T07:55:20.878461 #48855] DEBUG -- : DRAGONFLY: shell command: 'identify' '-ping' '-format' '%m %w %h' '/Users/jmartindell/repos/gemgem-trbrb/test/images/cells.jpg'
D, [2016-01-29T07:55:20.892770 #48855] DEBUG -- : DRAGONFLY: shell command: 'convert' '/Users/jmartindell/repos/gemgem-trbrb/test/images/cells.jpg' '-resize' '120x120^^' '-gravity' 'Center' '-crop' '120x120+0+0' '+repage' '/var/folders/hm/dwyp6blj5pb8tcx_2x3n820h2jqltr/T/dragonfly20160129-48855-kxo5ku.jpg'
D, [2016-01-29T07:55:20.918303 #48855] DEBUG -- : DRAGONFLY: shell command: 'identify' '-ping' '-format' '%m %w %h' '/var/folders/hm/dwyp6blj5pb8tcx_2x3n820h2jqltr/T/dragonfly20160129-48855-kxo5ku.jpg'
D, [2016-01-29T07:58:14.468904 #49033] DEBUG -- : DRAGONFLY: shell command: 'identify' '-ping' '-format' '%m %w %h' '/Users/jmartindell/repos/gemgem-trbrb/test/images/cells.jpg'
D, [2016-01-29T07:58:14.530457 #49033] DEBUG -- : DRAGONFLY: shell command: 'convert' '/Users/jmartindell/repos/gemgem-trbrb/test/images/cells.jpg' '-resize' '120x120^^' '-gravity' 'Center' '-crop' '120x120+0+0' '+repage' '/var/folders/hm/dwyp6blj5pb8tcx_2x3n820h2jqltr/T/dragonfly20160129-49033-mg57ht.jpg'
D, [2016-01-29T07:58:14.559632 #49033] DEBUG -- : DRAGONFLY: shell command: 'identify' '-ping' '-format' '%m %w %h' '/var/folders/hm/dwyp6blj5pb8tcx_2x3n820h2jqltr/T/dragonfly20160129-49033-mg57ht.jpg'
D, [2016-01-29T07:58:14.880793 #49033] DEBUG -- : DRAGONFLY: shell command: 'identify' '-ping' '-format' '%m %w %h' '/Users/jmartindell/repos/gemgem-trbrb/test/images/cells.jpg'
D, [2016-01-29T07:58:14.893891 #49033] DEBUG -- : DRAGONFLY: shell command: 'convert' '/Users/jmartindell/repos/gemgem-trbrb/test/images/cells.jpg' '-resize' '120x120^^' '-gravity' 'Center' '-crop' '120x120+0+0' '+repage' '/var/folders/hm/dwyp6blj5pb8tcx_2x3n820h2jqltr/T/dragonfly20160129-49033-1yhs09v.jpg'
D, [2016-01-29T07:58:14.917792 #49033] DEBUG -- : DRAGONFLY: shell command: 'identify' '-ping' '-format' '%m %w %h' '/var/folders/hm/dwyp6blj5pb8tcx_2x3n820h2jqltr/T/dragonfly20160129-49033-1yhs09v.jpg'
D, [2016-01-29T07:58:30.411272 #49033] DEBUG -- : DRAGONFLY: shell command: 'identify' '-ping' '-format' '%m %w %h' '/Users/jmartindell/repos/gemgem-trbrb/test/images/cells.jpg'
D, [2016-01-29T07:58:30.427086 #49033] DEBUG -- : DRAGONFLY: shell command: 'convert' '/Users/jmartindell/repos/gemgem-trbrb/test/images/cells.jpg' '-resize' '120x120^^' '-gravity' 'Center' '-crop' '120x120+0+0' '+repage' '/var/folders/hm/dwyp6blj5pb8tcx_2x3n820h2jqltr/T/dragonfly20160129-49033-c7jtkw.jpg'
D, [2016-01-29T07:58:30.451353 #49033] DEBUG -- : DRAGONFLY: shell command: 'identify' '-ping' '-format' '%m %w %h' '/var/folders/hm/dwyp6blj5pb8tcx_2x3n820h2jqltr/T/dragonfly20160129-49033-c7jtkw.jpg'
D, [2016-01-29T08:11:00.047247 #49682] DEBUG -- : DRAGONFLY: shell command: 'identify' '-ping' '-format' '%m %w %h' '/Users/jmartindell/repos/gemgem-trbrb/test/images/cells.jpg'
D, [2016-01-29T08:11:00.123302 #49682] DEBUG -- : DRAGONFLY: shell command: 'convert' '/Users/jmartindell/repos/gemgem-trbrb/test/images/cells.jpg' '-resize' '120x120^^' '-gravity' 'Center' '-crop' '120x120+0+0' '+repage' '/var/folders/hm/dwyp6blj5pb8tcx_2x3n820h2jqltr/T/dragonfly20160129-49682-zbz59q.jpg'
D, [2016-01-29T08:11:00.157290 #49682] DEBUG -- : DRAGONFLY: shell command: 'identify' '-ping' '-format' '%m %w %h' '/var/folders/hm/dwyp6blj5pb8tcx_2x3n820h2jqltr/T/dragonfly20160129-49682-zbz59q.jpg'
D, [2016-01-29T08:11:03.738238 #49682] DEBUG -- : DRAGONFLY: shell command: 'identify' '-ping' '-format' '%m %w %h' '/Users/jmartindell/repos/gemgem-trbrb/test/images/cells.jpg'
D, [2016-01-29T08:11:03.752593 #49682] DEBUG -- : DRAGONFLY: shell command: 'convert' '/Users/jmartindell/repos/gemgem-trbrb/test/images/cells.jpg' '-resize' '120x120^^' '-gravity' 'Center' '-crop' '120x120+0+0' '+repage' '/var/folders/hm/dwyp6blj5pb8tcx_2x3n820h2jqltr/T/dragonfly20160129-49682-jt3e6g.jpg'
D, [2016-01-29T08:11:03.778607 #49682] DEBUG -- : DRAGONFLY: shell command: 'identify' '-ping' '-format' '%m %w %h' '/var/folders/hm/dwyp6blj5pb8tcx_2x3n820h2jqltr/T/dragonfly20160129-49682-jt3e6g.jpg'
D, [2016-01-29T08:11:09.890412 #49682] DEBUG -- : DRAGONFLY: shell command: 'identify' '-ping' '-format' '%m %w %h' '/Users/jmartindell/repos/gemgem-trbrb/test/images/cells.jpg'
D, [2016-01-29T08:11:09.914009 #49682] DEBUG -- : DRAGONFLY: shell command: 'convert' '/Users/jmartindell/repos/gemgem-trbrb/test/images/cells.jpg' '-resize' '120x120^^' '-gravity' 'Center' '-crop' '120x120+0+0' '+repage' '/var/folders/hm/dwyp6blj5pb8tcx_2x3n820h2jqltr/T/dragonfly20160129-49682-3uiorr.jpg'
D, [2016-01-29T08:11:09.938161 #49682] DEBUG -- : DRAGONFLY: shell command: 'identify' '-ping' '-format' '%m %w %h' '/var/folders/hm/dwyp6blj5pb8tcx_2x3n820h2jqltr/T/dragonfly20160129-49682-3uiorr.jpg'
D, [2016-01-29T09:44:01.702902 #54417] DEBUG -- : DRAGONFLY: shell command: 'identify' '-ping' '-format' '%m %w %h' '/Users/jmartindell/repos/gemgem-trbrb/test/images/cells.jpg'
D, [2016-01-29T09:44:01.771578 #54417] DEBUG -- : DRAGONFLY: shell command: 'convert' '/Users/jmartindell/repos/gemgem-trbrb/test/images/cells.jpg' '-resize' '120x120^^' '-gravity' 'Center' '-crop' '120x120+0+0' '+repage' '/var/folders/hm/dwyp6blj5pb8tcx_2x3n820h2jqltr/T/dragonfly20160129-54417-52mg94.jpg'
D, [2016-01-29T09:44:01.804010 #54417] DEBUG -- : DRAGONFLY: shell command: 'identify' '-ping' '-format' '%m %w %h' '/var/folders/hm/dwyp6blj5pb8tcx_2x3n820h2jqltr/T/dragonfly20160129-54417-52mg94.jpg'
D, [2016-01-29T09:44:10.146378 #54417] DEBUG -- : DRAGONFLY: shell command: 'identify' '-ping' '-format' '%m %w %h' '/Users/jmartindell/repos/gemgem-trbrb/test/images/cells.jpg'
D, [2016-01-29T09:44:10.159996 #54417] DEBUG -- : DRAGONFLY: shell command: 'convert' '/Users/jmartindell/repos/gemgem-trbrb/test/images/cells.jpg' '-resize' '120x120^^' '-gravity' 'Center' '-crop' '120x120+0+0' '+repage' '/var/folders/hm/dwyp6blj5pb8tcx_2x3n820h2jqltr/T/dragonfly20160129-54417-1qwzvuf.jpg'
D, [2016-01-29T09:44:10.181611 #54417] DEBUG -- : DRAGONFLY: shell command: 'identify' '-ping' '-format' '%m %w %h' '/var/folders/hm/dwyp6blj5pb8tcx_2x3n820h2jqltr/T/dragonfly20160129-54417-1qwzvuf.jpg'
